# JRE version: Java(TM) SE Runtime Environment (8.0_60-b27) (build 1.8.0_60-b27)
# Java VM: Java HotSpot(TM) 64-Bit Server VM (25.60-b23 mixed mode windows-amd64 compressed oops)
Heap:
 PSYoungGen      total 496128K, used 149329K [0x00000000e0000000, 0x0000000100000000, 0x0000000100000000)
  eden space 467968K, 31% used [0x00000000e0000000,0x00000000e91d4548,0x00000000fc900000)
  from space 28160K, 0% used [0x00000000fe480000,0x00000000fe480000,0x0000000100000000)
  to   space 28160K, 0% used [0x00000000fc900000,0x00000000fc900000,0x00000000fe480000)
 ParOldGen       total 114688K, used 46235K [0x00000000a0000000, 0x00000000a7000000, 0x00000000e0000000)
  object space 114688K, 40% used [0x00000000a0000000,0x00000000a2d26d48,0x00000000a7000000)
 Metaspace       used 79563K, capacity 82244K, committed 82560K, reserved 1120256K
  class space    used 10659K, capacity 11292K, committed 11392K, reserved 1048576K
GC Heap History (10 events):
Event: 1745.488 GC heap before
{Heap before GC invocations=17 (full 3):
 PSYoungGen      total 252416K, used 252390K [0x00000000e0000000, 0x00000000f8700000, 0x0000000100000000)
  eden space 230400K, 100% used [0x00000000e0000000,0x00000000ee100000,0x00000000ee100000)
  from space 22016K, 99% used [0x00000000ee100000,0x00000000ef679b48,0x00000000ef680000)
  to   space 29696K, 0% used [0x00000000f6a00000,0x00000000f6a00000,0x00000000f8700000)
 ParOldGen       total 68608K, used 45978K [0x00000000a0000000, 0x00000000a4300000, 0x00000000e0000000)
  object space 68608K, 67% used [0x00000000a0000000,0x00000000a2ce6998,0x00000000a4300000)
 Metaspace       used 69514K, capacity 71932K, committed 72064K, reserved 1112064K
  class space    used 9491K, capacity 10032K, committed 10112K, reserved 1048576K
Event: 1745.516 GC heap after
Heap after GC invocations=17 (full 3):
 PSYoungGen      total 358400K, used 3777K [0x00000000e0000000, 0x00000000f8100000, 0x0000000100000000)
  eden space 334848K, 0% used [0x00000000e0000000,0x00000000e0000000,0x00000000f4700000)
  from space 23552K, 16% used [0x00000000f6a00000,0x00000000f6db04b0,0x00000000f8100000)
  to   space 29696K, 0% used [0x00000000f4700000,0x00000000f4700000,0x00000000f6400000)
 ParOldGen       total 68608K, used 58528K [0x00000000a0000000, 0x00000000a4300000, 0x00000000e0000000)
  object space 68608K, 85% used [0x00000000a0000000,0x00000000a3928218,0x00000000a4300000)
 Metaspace       used 69514K, capacity 71932K, committed 72064K, reserved 1112064K
  class space    used 9491K, capacity 10032K, committed 10112K, reserved 1048576K
}
Event: 1745.516 GC heap before
{Heap before GC invocations=18 (full 4):
 PSYoungGen      total 358400K, used 3777K [0x00000000e0000000, 0x00000000f8100000, 0x0000000100000000)
  eden space 334848K, 0% used [0x00000000e0000000,0x00000000e0000000,0x00000000f4700000)
  from space 23552K, 16% used [0x00000000f6a00000,0x00000000f6db04b0,0x00000000f8100000)
  to   space 29696K, 0% used [0x00000000f4700000,0x00000000f4700000,0x00000000f6400000)
 ParOldGen       total 68608K, used 58528K [0x00000000a0000000, 0x00000000a4300000, 0x00000000e0000000)
  object space 68608K, 85% used [0x00000000a0000000,0x00000000a3928218,0x00000000a4300000)
 Metaspace       used 69514K, capacity 71932K, committed 72064K, reserved 1112064K
  class space    used 9491K, capacity 10032K, committed 10112K, reserved 1048576K
Event: 1745.847 GC heap after
Heap after GC invocations=18 (full 4):
 PSYoungGen      total 358400K, used 0K [0x00000000e0000000, 0x00000000f8100000, 0x0000000100000000)
  eden space 334848K, 0% used [0x00000000e0000000,0x00000000e0000000,0x00000000f4700000)
  from space 23552K, 0% used [0x00000000f6a00000,0x00000000f6a00000,0x00000000f8100000)
  to   space 29696K, 0% used [0x00000000f4700000,0x00000000f4700000,0x00000000f6400000)
 ParOldGen       total 114688K, used 43157K [0x00000000a0000000, 0x00000000a7000000, 0x00000000e0000000)
  object space 114688K, 37% used [0x00000000a0000000,0x00000000a2a255d0,0x00000000a7000000)
 Metaspace       used 69131K, capacity 71260K, committed 72064K, reserved 1112064K
  class space    used 9414K, capacity 9900K, committed 10112K, reserved 1048576K
}
Event: 1749.546 GC heap before
{Heap before GC invocations=19 (full 4):
 PSYoungGen      total 358400K, used 333987K [0x00000000e0000000, 0x00000000f8100000, 0x0000000100000000)
  eden space 334848K, 99% used [0x00000000e0000000,0x00000000f4628d18,0x00000000f4700000)
  from space 23552K, 0% used [0x00000000f6a00000,0x00000000f6a00000,0x00000000f8100000)
  to   space 29696K, 0% used [0x00000000f4700000,0x00000000f4700000,0x00000000f6400000)
 ParOldGen       total 114688K, used 43157K [0x00000000a0000000, 0x00000000a7000000, 0x00000000e0000000)
  object space 114688K, 37% used [0x00000000a0000000,0x00000000a2a255d0,0x00000000a7000000)
 Metaspace       used 77462K, capacity 79952K, committed 80512K, reserved 1118208K
  class space    used 10428K, capacity 11002K, committed 11136K, reserved 1048576K
Event: 1749.563 GC heap after
Heap after GC invocations=19 (full 4):
 PSYoungGen      total 364544K, used 11784K [0x00000000e0000000, 0x0000000100000000, 0x0000000100000000)
  eden space 334848K, 0% used [0x00000000e0000000,0x00000000e0000000,0x00000000f4700000)
  from space 29696K, 39% used [0x00000000f4700000,0x00000000f5282268,0x00000000f6400000)
  to   space 28160K, 0% used [0x00000000fe480000,0x00000000fe480000,0x0000000100000000)
 ParOldGen       total 114688K, used 43165K [0x00000000a0000000, 0x00000000a7000000, 0x00000000e0000000)
  object space 114688K, 37% used [0x00000000a0000000,0x00000000a2a275d0,0x00000000a7000000)
 Metaspace       used 77462K, capacity 79952K, committed 80512K, reserved 1118208K
  class space    used 10428K, capacity 11002K, committed 11136K, reserved 1048576K
}
Event: 1749.926 GC heap before
{Heap before GC invocations=20 (full 4):
 PSYoungGen      total 364544K, used 284377K [0x00000000e0000000, 0x0000000100000000, 0x0000000100000000)
  eden space 334848K, 81% used [0x00000000e0000000,0x00000000f0a344e8,0x00000000f4700000)
  from space 29696K, 39% used [0x00000000f4700000,0x00000000f5282268,0x00000000f6400000)
  to   space 28160K, 0% used [0x00000000fe480000,0x00000000fe480000,0x0000000100000000)
 ParOldGen       total 114688K, used 43165K [0x00000000a0000000, 0x00000000a7000000, 0x00000000e0000000)
  object space 114688K, 37% used [0x00000000a0000000,0x00000000a2a275d0,0x00000000a7000000)
 Metaspace       used 78981K, capacity 81474K, committed 81920K, reserved 1120256K
  class space    used 10595K, capacity 11177K, committed 11264K, reserved 1048576K
Event: 1749.950 GC heap after
Heap after GC invocations=20 (full 4):
 PSYoungGen      total 496128K, used 1436K [0x00000000e0000000, 0x0000000100000000, 0x0000000100000000)
  eden space 467968K, 0% used [0x00000000e0000000,0x00000000e0000000,0x00000000fc900000)
  from space 28160K, 5% used [0x00000000fe480000,0x00000000fe5e7358,0x0000000100000000)
  to   space 28160K, 0% used [0x00000000fc900000,0x00000000fc900000,0x00000000fe480000)
 ParOldGen       total 114688K, used 51906K [0x00000000a0000000, 0x00000000a7000000, 0x00000000e0000000)
  object space 114688K, 45% used [0x00000000a0000000,0x00000000a32b0bb8,0x00000000a7000000)
 Metaspace       used 78981K, capacity 81474K, committed 81920K, reserved 1120256K
  class space    used 10595K, capacity 11177K, committed 11264K, reserved 1048576K
}
Event: 1749.950 GC heap before
{Heap before GC invocations=21 (full 5):
 PSYoungGen      total 496128K, used 1436K [0x00000000e0000000, 0x0000000100000000, 0x0000000100000000)
  eden space 467968K, 0% used [0x00000000e0000000,0x00000000e0000000,0x00000000fc900000)
  from space 28160K, 5% used [0x00000000fe480000,0x00000000fe5e7358,0x0000000100000000)
  to   space 28160K, 0% used [0x00000000fc900000,0x00000000fc900000,0x00000000fe480000)
 ParOldGen       total 114688K, used 51906K [0x00000000a0000000, 0x00000000a7000000, 0x00000000e0000000)
  object space 114688K, 45% used [0x00000000a0000000,0x00000000a32b0bb8,0x00000000a7000000)
 Metaspace       used 78981K, capacity 81474K, committed 81920K, reserved 1120256K
  class space    used 10595K, capacity 11177K, committed 11264K, reserved 1048576K
Event: 1750.412 GC heap after
Heap after GC invocations=21 (full 5):
 PSYoungGen      total 496128K, used 0K [0x00000000e0000000, 0x0000000100000000, 0x0000000100000000)
  eden space 467968K, 0% used [0x00000000e0000000,0x00000000e0000000,0x00000000fc900000)
  from space 28160K, 0% used [0x00000000fe480000,0x00000000fe480000,0x0000000100000000)
  to   space 28160K, 0% used [0x00000000fc900000,0x00000000fc900000,0x00000000fe480000)
 ParOldGen       total 114688K, used 46235K [0x00000000a0000000, 0x00000000a7000000, 0x00000000e0000000)
  object space 114688K, 40% used [0x00000000a0000000,0x00000000a2d26d48,0x00000000a7000000)
 Metaspace       used 78977K, capacity 81462K, committed 81920K, reserved 1120256K
  class space    used 10594K, capacity 11175K, committed 11264K, reserved 1048576K
}

