# JRE version: Java(TM) SE Runtime Environment (8.0_60-b27) (build 1.8.0_60-b27)
# Java VM: Java HotSpot(TM) 64-Bit Server VM (25.60-b23 mixed mode windows-amd64 compressed oops)
Heap:
 PSYoungGen      total 199168K, used 100320K [0x0000000780000000, 0x0000000790d80000, 0x00000007c0000000)
  eden space 154624K, 47% used [0x0000000780000000,0x000000078480c938,0x0000000789700000)
  from space 44544K, 59% used [0x0000000789700000,0x000000078b0eb8f8,0x000000078c280000)
  to   space 44544K, 0% used [0x000000078e200000,0x000000078e200000,0x0000000790d80000)
 ParOldGen       total 154624K, used 64971K [0x0000000700000000, 0x0000000709700000, 0x0000000780000000)
  object space 154624K, 42% used [0x0000000700000000,0x0000000703f72d78,0x0000000709700000)
 Metaspace       used 33826K, capacity 34676K, committed 34944K, reserved 1079296K
  class space    used 4434K, capacity 4656K, committed 4736K, reserved 1048576K
GC Heap History (10 events):
Event: 92.831 GC heap before
{Heap before GC invocations=11 (full 2):
 PSYoungGen      total 133120K, used 38387K [0x0000000780000000, 0x000000078da80000, 0x00000007c0000000)
  eden space 94720K, 0% used [0x0000000780000000,0x0000000780000000,0x0000000785c80000)
  from space 38400K, 99% used [0x0000000785c80000,0x00000007881fcf40,0x0000000788200000)
  to   space 50176K, 0% used [0x000000078a980000,0x000000078a980000,0x000000078da80000)
 ParOldGen       total 67584K, used 57124K [0x0000000700000000, 0x0000000704200000, 0x0000000780000000)
  object space 67584K, 84% used [0x0000000700000000,0x00000007037c9248,0x0000000704200000)
 Metaspace       used 33127K, capacity 33952K, committed 34176K, reserved 1079296K
  class space    used 4418K, capacity 4642K, committed 4736K, reserved 1048576K
Event: 93.377 GC heap after
Heap after GC invocations=11 (full 2):
 PSYoungGen      total 133120K, used 0K [0x0000000780000000, 0x000000078da80000, 0x00000007c0000000)
  eden space 94720K, 0% used [0x0000000780000000,0x0000000780000000,0x0000000785c80000)
  from space 38400K, 0% used [0x0000000785c80000,0x0000000785c80000,0x0000000788200000)
  to   space 50176K, 0% used [0x000000078a980000,0x000000078a980000,0x000000078da80000)
 ParOldGen       total 154624K, used 64939K [0x0000000700000000, 0x0000000709700000, 0x0000000780000000)
  object space 154624K, 41% used [0x0000000700000000,0x0000000703f6ad78,0x0000000709700000)
 Metaspace       used 33127K, capacity 33952K, committed 34176K, reserved 1079296K
  class space    used 4418K, capacity 4642K, committed 4736K, reserved 1048576K
}
Event: 171.690 GC heap before
{Heap before GC invocations=12 (full 2):
 PSYoungGen      total 133120K, used 94720K [0x0000000780000000, 0x000000078da80000, 0x00000007c0000000)
  eden space 94720K, 100% used [0x0000000780000000,0x0000000785c80000,0x0000000785c80000)
  from space 38400K, 0% used [0x0000000785c80000,0x0000000785c80000,0x0000000788200000)
  to   space 50176K, 0% used [0x000000078a980000,0x000000078a980000,0x000000078da80000)
 ParOldGen       total 154624K, used 64939K [0x0000000700000000, 0x0000000709700000, 0x0000000780000000)
  object space 154624K, 41% used [0x0000000700000000,0x0000000703f6ad78,0x0000000709700000)
 Metaspace       used 33425K, capacity 34232K, committed 34432K, reserved 1079296K
  class space    used 4428K, capacity 4646K, committed 4736K, reserved 1048576K
Event: 171.713 GC heap after
Heap after GC invocations=12 (full 2):
 PSYoungGen      total 171520K, used 17311K [0x0000000780000000, 0x000000078d700000, 0x00000007c0000000)
  eden space 124928K, 0% used [0x0000000780000000,0x0000000780000000,0x0000000787a00000)
  from space 46592K, 37% used [0x000000078a980000,0x000000078ba67fd0,0x000000078d700000)
  to   space 47616K, 0% used [0x0000000787a00000,0x0000000787a00000,0x000000078a880000)
 ParOldGen       total 154624K, used 64947K [0x0000000700000000, 0x0000000709700000, 0x0000000780000000)
  object space 154624K, 42% used [0x0000000700000000,0x0000000703f6cd78,0x0000000709700000)
 Metaspace       used 33425K, capacity 34232K, committed 34432K, reserved 1079296K
  class space    used 4428K, capacity 4646K, committed 4736K, reserved 1048576K
}
Event: 198.505 GC heap before
{Heap before GC invocations=13 (full 2):
 PSYoungGen      total 171520K, used 141913K [0x0000000780000000, 0x000000078d700000, 0x00000007c0000000)
  eden space 124928K, 99% used [0x0000000780000000,0x00000007879ae4c0,0x0000000787a00000)
  from space 46592K, 37% used [0x000000078a980000,0x000000078ba67fd0,0x000000078d700000)
  to   space 47616K, 0% used [0x0000000787a00000,0x0000000787a00000,0x000000078a880000)
 ParOldGen       total 154624K, used 64947K [0x0000000700000000, 0x0000000709700000, 0x0000000780000000)
  object space 154624K, 42% used [0x0000000700000000,0x0000000703f6cd78,0x0000000709700000)
 Metaspace       used 33512K, capacity 34320K, committed 34432K, reserved 1079296K
  class space    used 4431K, capacity 4650K, committed 4736K, reserved 1048576K
Event: 198.534 GC heap after
Heap after GC invocations=13 (full 2):
 PSYoungGen      total 172544K, used 23749K [0x0000000780000000, 0x000000078f700000, 0x00000007c0000000)
  eden space 124928K, 0% used [0x0000000780000000,0x0000000780000000,0x0000000787a00000)
  from space 47616K, 49% used [0x0000000787a00000,0x0000000789131520,0x000000078a880000)
  to   space 46592K, 0% used [0x000000078c980000,0x000000078c980000,0x000000078f700000)
 ParOldGen       total 154624K, used 64955K [0x0000000700000000, 0x0000000709700000, 0x0000000780000000)
  object space 154624K, 42% used [0x0000000700000000,0x0000000703f6ed78,0x0000000709700000)
 Metaspace       used 33512K, capacity 34320K, committed 34432K, reserved 1079296K
  class space    used 4431K, capacity 4650K, committed 4736K, reserved 1048576K
}
Event: 586.022 GC heap before
{Heap before GC invocations=14 (full 2):
 PSYoungGen      total 172544K, used 148677K [0x0000000780000000, 0x000000078f700000, 0x00000007c0000000)
  eden space 124928K, 100% used [0x0000000780000000,0x0000000787a00000,0x0000000787a00000)
  from space 47616K, 49% used [0x0000000787a00000,0x0000000789131520,0x000000078a880000)
  to   space 46592K, 0% used [0x000000078c980000,0x000000078c980000,0x000000078f700000)
 ParOldGen       total 154624K, used 64955K [0x0000000700000000, 0x0000000709700000, 0x0000000780000000)
  object space 154624K, 42% used [0x0000000700000000,0x0000000703f6ed78,0x0000000709700000)
 Metaspace       used 33689K, capacity 34542K, committed 34688K, reserved 1079296K
  class space    used 4433K, capacity 4655K, committed 4736K, reserved 1048576K
Event: 586.042 GC heap after
Heap after GC invocations=14 (full 2):
 PSYoungGen      total 192000K, used 16335K [0x0000000780000000, 0x000000078ee00000, 0x00000007c0000000)
  eden space 154624K, 0% used [0x0000000780000000,0x0000000780000000,0x0000000789700000)
  from space 37376K, 43% used [0x000000078c980000,0x000000078d973c68,0x000000078ee00000)
  to   space 44544K, 0% used [0x0000000789700000,0x0000000789700000,0x000000078c280000)
 ParOldGen       total 154624K, used 64963K [0x0000000700000000, 0x0000000709700000, 0x0000000780000000)
  object space 154624K, 42% used [0x0000000700000000,0x0000000703f70d78,0x0000000709700000)
 Metaspace       used 33689K, capacity 34542K, committed 34688K, reserved 1079296K
  class space    used 4433K, capacity 4655K, committed 4736K, reserved 1048576K
}
Event: 606.009 GC heap before
{Heap before GC invocations=15 (full 2):
 PSYoungGen      total 192000K, used 170959K [0x0000000780000000, 0x000000078ee00000, 0x00000007c0000000)
  eden space 154624K, 100% used [0x0000000780000000,0x0000000789700000,0x0000000789700000)
  from space 37376K, 43% used [0x000000078c980000,0x000000078d973c68,0x000000078ee00000)
  to   space 44544K, 0% used [0x0000000789700000,0x0000000789700000,0x000000078c280000)
 ParOldGen       total 154624K, used 64963K [0x0000000700000000, 0x0000000709700000, 0x0000000780000000)
  object space 154624K, 42% used [0x0000000700000000,0x0000000703f70d78,0x0000000709700000)
 Metaspace       used 33785K, capacity 34606K, committed 34688K, reserved 1079296K
  class space    used 4434K, capacity 4655K, committed 4736K, reserved 1048576K
Event: 606.051 GC heap after
Heap after GC invocations=15 (full 2):
 PSYoungGen      total 199168K, used 26542K [0x0000000780000000, 0x0000000790d80000, 0x00000007c0000000)
  eden space 154624K, 0% used [0x0000000780000000,0x0000000780000000,0x0000000789700000)
  from space 44544K, 59% used [0x0000000789700000,0x000000078b0eb8f8,0x000000078c280000)
  to   space 44544K, 0% used [0x000000078e200000,0x000000078e200000,0x0000000790d80000)
 ParOldGen       total 154624K, used 64971K [0x0000000700000000, 0x0000000709700000, 0x0000000780000000)
  object space 154624K, 42% used [0x0000000700000000,0x0000000703f72d78,0x0000000709700000)
 Metaspace       used 33785K, capacity 34606K, committed 34688K, reserved 1079296K
  class space    used 4434K, capacity 4655K, committed 4736K, reserved 1048576K
}

