# JRE version: Java(TM) SE Runtime Environment (8.0_60-b27) (build 1.8.0_60-b27)
# Java VM: Java HotSpot(TM) 64-Bit Server VM (25.60-b23 mixed mode windows-amd64 compressed oops)
Heap:
 PSYoungGen      total 93696K, used 57297K [0x0000000780000000, 0x000000078ab80000, 0x00000007c0000000)
  eden space 56832K, 55% used [0x0000000780000000,0x0000000781ea82a8,0x0000000783780000)
  from space 36864K, 70% used [0x0000000783780000,0x00000007850cc1e8,0x0000000785b80000)
  to   space 50176K, 0% used [0x0000000787a80000,0x0000000787a80000,0x000000078ab80000)
 ParOldGen       total 67072K, used 37191K [0x0000000700000000, 0x0000000704180000, 0x0000000780000000)
  object space 67072K, 55% used [0x0000000700000000,0x0000000702451d30,0x0000000704180000)
 Metaspace       used 33815K, capacity 34662K, committed 34688K, reserved 1079296K
  class space    used 4483K, capacity 4723K, committed 4736K, reserved 1048576K
GC Heap History (10 events):
Event: 35.775 GC heap before
{Heap before GC invocations=13 (full 3):
 PSYoungGen      total 80896K, used 71933K [0x0000000780000000, 0x0000000787c80000, 0x00000007c0000000)
  eden space 48640K, 100% used [0x0000000780000000,0x0000000782f80000,0x0000000782f80000)
  from space 32256K, 72% used [0x0000000782f80000,0x000000078463f4f8,0x0000000784f00000)
  to   space 33792K, 0% used [0x0000000785b80000,0x0000000785b80000,0x0000000787c80000)
 ParOldGen       total 67072K, used 35956K [0x0000000700000000, 0x0000000704180000, 0x0000000780000000)
  object space 67072K, 53% used [0x0000000700000000,0x000000070231d230,0x0000000704180000)
 Metaspace       used 31504K, capacity 31954K, committed 32256K, reserved 1077248K
  class space    used 4134K, capacity 4277K, committed 4352K, reserved 1048576K
Event: 35.842 GC heap after
Heap after GC invocations=13 (full 3):
 PSYoungGen      total 90624K, used 28615K [0x0000000780000000, 0x0000000788200000, 0x00000007c0000000)
  eden space 56832K, 0% used [0x0000000780000000,0x0000000780000000,0x0000000783780000)
  from space 33792K, 84% used [0x0000000785b80000,0x0000000787771fe0,0x0000000787c80000)
  to   space 36864K, 0% used [0x0000000783780000,0x0000000783780000,0x0000000785b80000)
 ParOldGen       total 67072K, used 35964K [0x0000000700000000, 0x0000000704180000, 0x0000000780000000)
  object space 67072K, 53% used [0x0000000700000000,0x000000070231f230,0x0000000704180000)
 Metaspace       used 31504K, capacity 31954K, committed 32256K, reserved 1077248K
  class space    used 4134K, capacity 4277K, committed 4352K, reserved 1048576K
}
Event: 36.809 GC heap before
{Heap before GC invocations=14 (full 3):
 PSYoungGen      total 90624K, used 85447K [0x0000000780000000, 0x0000000788200000, 0x00000007c0000000)
  eden space 56832K, 100% used [0x0000000780000000,0x0000000783780000,0x0000000783780000)
  from space 33792K, 84% used [0x0000000785b80000,0x0000000787771fe0,0x0000000787c80000)
  to   space 36864K, 0% used [0x0000000783780000,0x0000000783780000,0x0000000785b80000)
 ParOldGen       total 67072K, used 35996K [0x0000000700000000, 0x0000000704180000, 0x0000000780000000)
  object space 67072K, 53% used [0x0000000700000000,0x00000007023270f8,0x0000000704180000)
 Metaspace       used 32270K, capacity 32722K, committed 33152K, reserved 1077248K
  class space    used 4250K, capacity 4405K, committed 4480K, reserved 1048576K
Event: 36.931 GC heap after
Heap after GC invocations=14 (full 3):
 PSYoungGen      total 93696K, used 36842K [0x0000000780000000, 0x0000000788200000, 0x00000007c0000000)
  eden space 56832K, 0% used [0x0000000780000000,0x0000000780000000,0x0000000783780000)
  from space 36864K, 99% used [0x0000000783780000,0x0000000785b7a8c8,0x0000000785b80000)
  to   space 33792K, 0% used [0x0000000785b80000,0x0000000785b80000,0x0000000787c80000)
 ParOldGen       total 67072K, used 39369K [0x0000000700000000, 0x0000000704180000, 0x0000000780000000)
  object space 67072K, 58% used [0x0000000700000000,0x0000000702672758,0x0000000704180000)
 Metaspace       used 32270K, capacity 32722K, committed 33152K, reserved 1077248K
  class space    used 4250K, capacity 4405K, committed 4480K, reserved 1048576K
}
Event: 37.713 GC heap before
{Heap before GC invocations=15 (full 3):
 PSYoungGen      total 93696K, used 93674K [0x0000000780000000, 0x0000000788200000, 0x00000007c0000000)
  eden space 56832K, 100% used [0x0000000780000000,0x0000000783780000,0x0000000783780000)
  from space 36864K, 99% used [0x0000000783780000,0x0000000785b7a8c8,0x0000000785b80000)
  to   space 33792K, 0% used [0x0000000785b80000,0x0000000785b80000,0x0000000787c80000)
 ParOldGen       total 67072K, used 39372K [0x0000000700000000, 0x0000000704180000, 0x0000000780000000)
  object space 67072K, 58% used [0x0000000700000000,0x00000007026731e8,0x0000000704180000)
 Metaspace       used 32418K, capacity 32856K, committed 33152K, reserved 1077248K
  class space    used 4266K, capacity 4406K, committed 4480K, reserved 1048576K
Event: 37.890 GC heap after
Heap after GC invocations=15 (full 3):
 PSYoungGen      total 90624K, used 33771K [0x0000000780000000, 0x0000000788200000, 0x00000007c0000000)
  eden space 56832K, 0% used [0x0000000780000000,0x0000000780000000,0x0000000783780000)
  from space 33792K, 99% used [0x0000000785b80000,0x0000000787c7ac10,0x0000000787c80000)
  to   space 36864K, 0% used [0x0000000783780000,0x0000000783780000,0x0000000785b80000)
 ParOldGen       total 67072K, used 54067K [0x0000000700000000, 0x0000000704180000, 0x0000000780000000)
  object space 67072K, 80% used [0x0000000700000000,0x00000007034ccf58,0x0000000704180000)
 Metaspace       used 32418K, capacity 32856K, committed 33152K, reserved 1077248K
  class space    used 4266K, capacity 4406K, committed 4480K, reserved 1048576K
}
Event: 37.890 GC heap before
{Heap before GC invocations=16 (full 4):
 PSYoungGen      total 90624K, used 33771K [0x0000000780000000, 0x0000000788200000, 0x00000007c0000000)
  eden space 56832K, 0% used [0x0000000780000000,0x0000000780000000,0x0000000783780000)
  from space 33792K, 99% used [0x0000000785b80000,0x0000000787c7ac10,0x0000000787c80000)
  to   space 36864K, 0% used [0x0000000783780000,0x0000000783780000,0x0000000785b80000)
 ParOldGen       total 67072K, used 54067K [0x0000000700000000, 0x0000000704180000, 0x0000000780000000)
  object space 67072K, 80% used [0x0000000700000000,0x00000007034ccf58,0x0000000704180000)
 Metaspace       used 32418K, capacity 32856K, committed 33152K, reserved 1077248K
  class space    used 4266K, capacity 4406K, committed 4480K, reserved 1048576K
Event: 38.143 GC heap after
Heap after GC invocations=16 (full 4):
 PSYoungGen      total 90624K, used 0K [0x0000000780000000, 0x0000000788200000, 0x00000007c0000000)
  eden space 56832K, 0% used [0x0000000780000000,0x0000000780000000,0x0000000783780000)
  from space 33792K, 0% used [0x0000000785b80000,0x0000000785b80000,0x0000000787c80000)
  to   space 36864K, 0% used [0x0000000783780000,0x0000000783780000,0x0000000785b80000)
 ParOldGen       total 67072K, used 37183K [0x0000000700000000, 0x0000000704180000, 0x0000000780000000)
  object space 67072K, 55% used [0x0000000700000000,0x000000070244fd30,0x0000000704180000)
 Metaspace       used 32418K, capacity 32856K, committed 33152K, reserved 1077248K
  class space    used 4266K, capacity 4406K, committed 4480K, reserved 1048576K
}
Event: 38.817 GC heap before
{Heap before GC invocations=17 (full 4):
 PSYoungGen      total 90624K, used 56832K [0x0000000780000000, 0x0000000788200000, 0x00000007c0000000)
  eden space 56832K, 100% used [0x0000000780000000,0x0000000783780000,0x0000000783780000)
  from space 33792K, 0% used [0x0000000785b80000,0x0000000785b80000,0x0000000787c80000)
  to   space 36864K, 0% used [0x0000000783780000,0x0000000783780000,0x0000000785b80000)
 ParOldGen       total 67072K, used 37183K [0x0000000700000000, 0x0000000704180000, 0x0000000780000000)
  object space 67072K, 55% used [0x0000000700000000,0x000000070244fd30,0x0000000704180000)
 Metaspace       used 33311K, capacity 33976K, committed 34176K, reserved 1079296K
  class space    used 4415K, capacity 4614K, committed 4736K, reserved 1048576K
Event: 38.900 GC heap after
Heap after GC invocations=17 (full 4):
 PSYoungGen      total 93696K, used 25904K [0x0000000780000000, 0x000000078ab80000, 0x00000007c0000000)
  eden space 56832K, 0% used [0x0000000780000000,0x0000000780000000,0x0000000783780000)
  from space 36864K, 70% used [0x0000000783780000,0x00000007850cc1e8,0x0000000785b80000)
  to   space 50176K, 0% used [0x0000000787a80000,0x0000000787a80000,0x000000078ab80000)
 ParOldGen       total 67072K, used 37191K [0x0000000700000000, 0x0000000704180000, 0x0000000780000000)
  object space 67072K, 55% used [0x0000000700000000,0x0000000702451d30,0x0000000704180000)
 Metaspace       used 33311K, capacity 33976K, committed 34176K, reserved 1079296K
  class space    used 4415K, capacity 4614K, committed 4736K, reserved 1048576K
}

